<?xml version="1.0" encoding="UTF-8"?>
<!-- Generated by org.testng.reporters.JUnitXMLReporter -->
<testsuite hostname="Jawid" name="Test" tests="4" failures="0" timestamp="30 Jun 2024 16:34:29 GMT" time="17.717" errors="0">
  <testcase name="hrm" time="9.006" classname="com.all.OrangeHRMTest"/>
  <testcase name="IHG" time="4.6" classname="com.all.IHGTest"/>
  <testcase name="fb" time="2.305" classname="com.all.FacebookTest"/>
  <testcase name="amazon" time="1.791" classname="com.all.AmazonTest"/>
</testsuite> <!-- Test -->
